<?xml version="1.0" encoding="utf-8"?><testsuites name="pytest tests"><testsuite name="pytest" errors="0" failures="0" skipped="0" tests="31" time="23.801" timestamp="2026-04-17T12:13:40.743823+00:00" hostname="agent-env-63889754-9706-4fb4-acf4-94195e093ed2"><testcase classname="tests.test_api_endpoints.TestAPIHealth" name="test_api_root" time="1.178" /><testcase classname="tests.test_api_endpoints.TestAPIHealth" name="test_status_check_create" time="0.754" /><testcase classname="tests.test_api_endpoints.TestAPIHealth" name="test_status_check_list" time="0.752" /><testcase classname="tests.test_api_endpoints.TestScoreValidation" name="test_validate_single_one" time="0.722" /><testcase classname="tests.test_api_endpoints.TestScoreValidation" name="test_validate_single_five" time="0.746" /><testcase classname="tests.test_api_endpoints.TestScoreValidation" name="test_validate_triple_ones" time="0.712" /><testcase classname="tests.test_api_endpoints.TestScoreValidation" name="test_validate_triple_fives" time="0.925" /><testcase classname="tests.test_api_endpoints.TestScoreValidation" name="test_validate_triple_twos" time="0.769" /><testcase classname="tests.test_api_endpoints.TestScoreValidation" name="test_validate_triple_threes" time="0.738" /><testcase classname="tests.test_api_endpoints.TestScoreValidation" name="test_validate_triple_fours" time="0.759" /><testcase classname="tests.test_api_endpoints.TestScoreValidation" name="test_validate_triple_sixes" time="0.683" /><testcase classname="tests.test_api_endpoints.TestScoreValidation" name="test_validate_quad_twos_doubles_score" time="0.741" /><testcase classname="tests.test_api_endpoints.TestScoreValidation" name="test_validate_five_twos_quadruples_score" time="0.742" /><testcase classname="tests.test_api_endpoints.TestScoreValidation" name="test_validate_straight_12345" time="0.748" /><testcase classname="tests.test_api_endpoints.TestScoreValidation" name="test_validate_straight_23456" time="0.816" /><testcase classname="tests.test_api_endpoints.TestScoreValidation" name="test_validate_straight_123456" time="0.775" /><testcase classname="tests.test_api_endpoints.TestScoreValidation" name="test_validate_non_scoring_dice_rejected" time="0.815" /><testcase classname="tests.test_api_endpoints.TestScoreValidation" name="test_validate_mixed_scoring_and_non_scoring_rejected" time="0.681" /><testcase classname="tests.test_api_endpoints.TestBustDetection" name="test_check_scoring_with_ones" time="0.749" /><testcase classname="tests.test_api_endpoints.TestBustDetection" name="test_check_scoring_with_fives" time="0.696" /><testcase classname="tests.test_api_endpoints.TestBustDetection" name="test_check_scoring_with_triple" time="0.699" /><testcase classname="tests.test_api_endpoints.TestBustDetection" name="test_check_scoring_bust_no_scoring_dice" time="0.763" /><testcase classname="tests.test_api_endpoints.TestBustDetection" name="test_check_scoring_bust_all_non_scoring" time="0.753" /><testcase classname="tests.test_api_endpoints.TestGameHistory" name="test_save_game_history" time="0.724" /><testcase classname="tests.test_api_endpoints.TestGameHistory" name="test_get_game_history" time="0.724" /><testcase classname="tests.test_api_endpoints.TestGameHistory" name="test_get_player_stats" time="0.730" /><testcase classname="tests.test_api_endpoints.TestGameHistory" name="test_get_leaderboard" time="0.705" /><testcase classname="tests.test_api_endpoints.TestLeaderboards" name="test_get_daily_leaderboard" time="0.724" /><testcase classname="tests.test_api_endpoints.TestLeaderboards" name="test_get_alltime_leaderboard" time="0.770" /><testcase classname="tests.test_api_endpoints.TestLeaderboards" name="test_daily_leaderboard_sorting" time="0.780" /><testcase classname="tests.test_api_endpoints.TestLeaderboards" name="test_alltime_leaderboard_sorting" time="0.742" /></testsuite></testsuites>